<?xml version="1.0" encoding="UTF-8"?>
<testsuite xmlns:xsi="http://www.w3.org/2001/XMLSchema-instance" xsi:noNamespaceSchemaLocation="https://maven.apache.org/surefire/maven-surefire-plugin/xsd/surefire-test-report-3.0.xsd" version="3.0" name="ec.espe.edu.controller.UserControllerTest" time="1.222" tests="8" errors="0" skipped="0" failures="0">
  <properties>
    <property name="java.specification.version" value="24"/>
    <property name="sun.cpu.isalist" value="amd64"/>
    <property name="sun.jnu.encoding" value="Cp1252"/>
    <property name="sun.awt.enableExtraMouseButtons" value="true"/>
    <property name="java.class.path" value="C:\Users\jorge\OneDrive\Escritorio\ESPE\SEGUNDO_SEMESTRE\OOP\ESPE2504-OOPSW23217-Craft_Market\06Code\NewvercionGUI\CraftMarket.GUI\target\test-classes;C:\Users\jorge\OneDrive\Escritorio\ESPE\SEGUNDO_SEMESTRE\OOP\ESPE2504-OOPSW23217-Craft_Market\06Code\NewvercionGUI\CraftMarket.GUI\target\classes;C:\Users\jorge\.m2\repository\org\mongodb\mongodb-driver-sync\4.11.1\mongodb-driver-sync-4.11.1.jar;C:\Users\jorge\.m2\repository\org\mongodb\bson\4.11.1\bson-4.11.1.jar;C:\Users\jorge\.m2\repository\org\mongodb\mongodb-driver-core\4.11.1\mongodb-driver-core-4.11.1.jar;C:\Users\jorge\.m2\repository\org\mongodb\bson-record-codec\4.11.1\bson-record-codec-4.11.1.jar;C:\Users\jorge\.m2\repository\org\slf4j\slf4j-simple\2.0.13\slf4j-simple-2.0.13.jar;C:\Users\jorge\.m2\repository\org\slf4j\slf4j-api\2.0.13\slf4j-api-2.0.13.jar;C:\Users\jorge\.m2\repository\org\mongodb\mongodb-driver\3.11.0-beta4\mongodb-driver-3.11.0-beta4.jar;C:\Users\jorge\.m2\repository\com\toedter\jcalendar\1.4\jcalendar-1.4.jar;C:\Users\jorge\.m2\repository\com\itextpdf\barcodes\7.2.5\barcodes-7.2.5.jar;C:\Users\jorge\.m2\repository\com\itextpdf\font-asian\7.2.5\font-asian-7.2.5.jar;C:\Users\jorge\.m2\repository\com\itextpdf\forms\7.2.5\forms-7.2.5.jar;C:\Users\jorge\.m2\repository\com\itextpdf\hyph\7.2.5\hyph-7.2.5.jar;C:\Users\jorge\.m2\repository\com\itextpdf\io\7.2.5\io-7.2.5.jar;C:\Users\jorge\.m2\repository\com\itextpdf\commons\7.2.5\commons-7.2.5.jar;C:\Users\jorge\.m2\repository\com\itextpdf\kernel\7.2.5\kernel-7.2.5.jar;C:\Users\jorge\.m2\repository\org\bouncycastle\bcpkix-jdk15on\1.70\bcpkix-jdk15on-1.70.jar;C:\Users\jorge\.m2\repository\org\bouncycastle\bcutil-jdk15on\1.70\bcutil-jdk15on-1.70.jar;C:\Users\jorge\.m2\repository\org\bouncycastle\bcprov-jdk15on\1.70\bcprov-jdk15on-1.70.jar;C:\Users\jorge\.m2\repository\com\itextpdf\layout\7.2.5\layout-7.2.5.jar;C:\Users\jorge\.m2\repository\com\itextpdf\pdfa\7.2.5\pdfa-7.2.5.jar;C:\Users\jorge\.m2\repository\com\itextpdf\sign\7.2.5\sign-7.2.5.jar;C:\Users\jorge\.m2\repository\com\itextpdf\styled-xml-parser\7.2.5\styled-xml-parser-7.2.5.jar;C:\Users\jorge\.m2\repository\com\itextpdf\svg\7.2.5\svg-7.2.5.jar;C:\Users\jorge\.m2\repository\org\junit\jupiter\junit-jupiter-api\5.10.2\junit-jupiter-api-5.10.2.jar;C:\Users\jorge\.m2\repository\org\opentest4j\opentest4j\1.3.0\opentest4j-1.3.0.jar;C:\Users\jorge\.m2\repository\org\junit\platform\junit-platform-commons\1.10.2\junit-platform-commons-1.10.2.jar;C:\Users\jorge\.m2\repository\org\apiguardian\apiguardian-api\1.1.2\apiguardian-api-1.1.2.jar;"/>
    <property name="java.vm.vendor" value="Oracle Corporation"/>
    <property name="sun.arch.data.model" value="64"/>
    <property name="user.variant" value=""/>
    <property name="java.vendor.url" value="https://java.oracle.com/"/>
    <property name="user.timezone" value="America/Guayaquil"/>
    <property name="os.name" value="Windows 11"/>
    <property name="java.vm.specification.version" value="24"/>
    <property name="user.country" value="EC"/>
    <property name="sun.java.launcher" value="SUN_STANDARD"/>
    <property name="sun.boot.library.path" value="C:\Program Files\Java\jdk-24\bin"/>
    <property name="sun.java.command" value="C:\Users\jorge\AppData\Local\Temp\surefire8429818039305950514\surefirebooter-20250807021225057_3.jar C:\Users\jorge\AppData\Local\Temp\surefire8429818039305950514 2025-08-07T02-12-24_873-jvmRun1 surefire-20250807021225057_1tmp surefire_0-20250807021225057_2tmp"/>
    <property name="jdk.debug" value="release"/>
    <property name="surefire.test.class.path" value="C:\Users\jorge\OneDrive\Escritorio\ESPE\SEGUNDO_SEMESTRE\OOP\ESPE2504-OOPSW23217-Craft_Market\06Code\NewvercionGUI\CraftMarket.GUI\target\test-classes;C:\Users\jorge\OneDrive\Escritorio\ESPE\SEGUNDO_SEMESTRE\OOP\ESPE2504-OOPSW23217-Craft_Market\06Code\NewvercionGUI\CraftMarket.GUI\target\classes;C:\Users\jorge\.m2\repository\org\mongodb\mongodb-driver-sync\4.11.1\mongodb-driver-sync-4.11.1.jar;C:\Users\jorge\.m2\repository\org\mongodb\bson\4.11.1\bson-4.11.1.jar;C:\Users\jorge\.m2\repository\org\mongodb\mongodb-driver-core\4.11.1\mongodb-driver-core-4.11.1.jar;C:\Users\jorge\.m2\repository\org\mongodb\bson-record-codec\4.11.1\bson-record-codec-4.11.1.jar;C:\Users\jorge\.m2\repository\org\slf4j\slf4j-simple\2.0.13\slf4j-simple-2.0.13.jar;C:\Users\jorge\.m2\repository\org\slf4j\slf4j-api\2.0.13\slf4j-api-2.0.13.jar;C:\Users\jorge\.m2\repository\org\mongodb\mongodb-driver\3.11.0-beta4\mongodb-driver-3.11.0-beta4.jar;C:\Users\jorge\.m2\repository\com\toedter\jcalendar\1.4\jcalendar-1.4.jar;C:\Users\jorge\.m2\repository\com\itextpdf\barcodes\7.2.5\barcodes-7.2.5.jar;C:\Users\jorge\.m2\repository\com\itextpdf\font-asian\7.2.5\font-asian-7.2.5.jar;C:\Users\jorge\.m2\repository\com\itextpdf\forms\7.2.5\forms-7.2.5.jar;C:\Users\jorge\.m2\repository\com\itextpdf\hyph\7.2.5\hyph-7.2.5.jar;C:\Users\jorge\.m2\repository\com\itextpdf\io\7.2.5\io-7.2.5.jar;C:\Users\jorge\.m2\repository\com\itextpdf\commons\7.2.5\commons-7.2.5.jar;C:\Users\jorge\.m2\repository\com\itextpdf\kernel\7.2.5\kernel-7.2.5.jar;C:\Users\jorge\.m2\repository\org\bouncycastle\bcpkix-jdk15on\1.70\bcpkix-jdk15on-1.70.jar;C:\Users\jorge\.m2\repository\org\bouncycastle\bcutil-jdk15on\1.70\bcutil-jdk15on-1.70.jar;C:\Users\jorge\.m2\repository\org\bouncycastle\bcprov-jdk15on\1.70\bcprov-jdk15on-1.70.jar;C:\Users\jorge\.m2\repository\com\itextpdf\layout\7.2.5\layout-7.2.5.jar;C:\Users\jorge\.m2\repository\com\itextpdf\pdfa\7.2.5\pdfa-7.2.5.jar;C:\Users\jorge\.m2\repository\com\itextpdf\sign\7.2.5\sign-7.2.5.jar;C:\Users\jorge\.m2\repository\com\itextpdf\styled-xml-parser\7.2.5\styled-xml-parser-7.2.5.jar;C:\Users\jorge\.m2\repository\com\itextpdf\svg\7.2.5\svg-7.2.5.jar;C:\Users\jorge\.m2\repository\org\junit\jupiter\junit-jupiter-api\5.10.2\junit-jupiter-api-5.10.2.jar;C:\Users\jorge\.m2\repository\org\opentest4j\opentest4j\1.3.0\opentest4j-1.3.0.jar;C:\Users\jorge\.m2\repository\org\junit\platform\junit-platform-commons\1.10.2\junit-platform-commons-1.10.2.jar;C:\Users\jorge\.m2\repository\org\apiguardian\apiguardian-api\1.1.2\apiguardian-api-1.1.2.jar;"/>
    <property name="sun.cpu.endian" value="little"/>
    <property name="user.home" value="C:\Users\jorge"/>
    <property name="user.language" value="es"/>
    <property name="java.specification.vendor" value="Oracle Corporation"/>
    <property name="java.version.date" value="2025-04-15"/>
    <property name="java.home" value="C:\Program Files\Java\jdk-24"/>
    <property name="file.separator" value="\"/>
    <property name="basedir" value="C:\Users\jorge\OneDrive\Escritorio\ESPE\SEGUNDO_SEMESTRE\OOP\ESPE2504-OOPSW23217-Craft_Market\06Code\NewvercionGUI\CraftMarket.GUI"/>
    <property name="java.vm.compressedOopsMode" value="32-bit"/>
    <property name="line.separator" value="&#10;"/>
    <property name="java.vm.specification.vendor" value="Oracle Corporation"/>
    <property name="java.specification.name" value="Java Platform API Specification"/>
    <property name="surefire.real.class.path" value="C:\Users\jorge\AppData\Local\Temp\surefire8429818039305950514\surefirebooter-20250807021225057_3.jar"/>
    <property name="user.script" value=""/>
    <property name="sun.management.compiler" value="HotSpot 64-Bit Tiered Compilers"/>
    <property name="java.runtime.version" value="24.0.1+9-30"/>
    <property name="user.name" value="jorge"/>
    <property name="stdout.encoding" value="Cp1252"/>
    <property name="path.separator" value=";"/>
    <property name="os.version" value="10.0"/>
    <property name="java.runtime.name" value="Java(TM) SE Runtime Environment"/>
    <property name="file.encoding" value="UTF-8"/>
    <property name="java.vm.name" value="Java HotSpot(TM) 64-Bit Server VM"/>
    <property name="maven.ext.class.path" value="C:\Program Files\NetBeans-25\netbeans\java\maven-nblib\netbeans-eventspy.jar"/>
    <property name="localRepository" value="C:\Users\jorge\.m2\repository"/>
    <property name="java.vendor.url.bug" value="https://bugreport.java.com/bugreport/"/>
    <property name="java.io.tmpdir" value="C:\Users\jorge\AppData\Local\Temp\"/>
    <property name="java.version" value="24.0.1"/>
    <property name="user.dir" value="C:\Users\jorge\OneDrive\Escritorio\ESPE\SEGUNDO_SEMESTRE\OOP\ESPE2504-OOPSW23217-Craft_Market\06Code\NewvercionGUI\CraftMarket.GUI"/>
    <property name="os.arch" value="amd64"/>
    <property name="java.vm.specification.name" value="Java Virtual Machine Specification"/>
    <property name="sun.os.patch.level" value=""/>
    <property name="native.encoding" value="Cp1252"/>
    <property name="java.library.path" value="C:\Program Files\Java\jdk-24\bin;C:\WINDOWS\Sun\Java\bin;C:\WINDOWS\system32;C:\WINDOWS;C:\Program Files\Common Files\Oracle\Java\javapath;C:\Program Files (x86)\Common Files\Oracle\Java\java8path;C:\Program Files (x86)\Common Files\Oracle\Java\javapath;C:\ProgramData\Oracle\Java\javapath;C:\Program Files\CodeBlocks\MinGW\bin;C:\Windows\system32;C:\Windows;C:\Windows\System32\Wbem;C:\Windows\System32\WindowsPowerShell\v1.0\;C:\Windows\System32\OpenSSH\;C:\Program Files\NVIDIA Corporation\NVIDIA NvDLISR;C:\Program Files\dotnet\;C:\WINDOWS\system32;C:\WINDOWS;C:\WINDOWS\System32\Wbem;C:\WINDOWS\System32\WindowsPowerShell\v1.0\;C:\WINDOWS\System32\OpenSSH\;C:\Program Files\Git\cmd;C:\Users\jorge\AppData\Local\Microsoft\WindowsApps;C:\Program Files\CodeBlocks\MinGW\bin;C:\Users\jorge\AppData\Local\Programs\Microsoft VS Code\bin;C:\Users\jorge\AppData\Roaming\Python\Python311\Scripts;C:\Users\jorge\AppData\Local\Programs\Python\Python311;;."/>
    <property name="java.vm.info" value="mixed mode, sharing"/>
    <property name="stderr.encoding" value="Cp1252"/>
    <property name="java.vendor" value="Oracle Corporation"/>
    <property name="java.vm.version" value="24.0.1+9-30"/>
    <property name="sun.io.unicode.encoding" value="UnicodeLittle"/>
    <property name="java.class.version" value="68.0"/>
  </properties>
  <testcase name="testLogin_ValidCredentials" classname="ec.espe.edu.controller.UserControllerTest" time="0.159">
    <system-out><![CDATA[testLogin_ValidCredentials
]]></system-out>
  </testcase>
  <testcase name="testProcessLogin_ValidCredentials" classname="ec.espe.edu.controller.UserControllerTest" time="0.313">
    <system-out><![CDATA[testProcessLogin_ValidCredentials
]]></system-out>
  </testcase>
  <testcase name="testLogin_NonexistentUser" classname="ec.espe.edu.controller.UserControllerTest" time="0.148">
    <system-out><![CDATA[testLogin_NonexistentUser
]]></system-out>
  </testcase>
  <testcase name="testGetArtisanName_InvalidUser" classname="ec.espe.edu.controller.UserControllerTest" time="0.149">
    <system-out><![CDATA[testGetArtisanName_InvalidUser
]]></system-out>
  </testcase>
  <testcase name="testProcessLogin_EmptyFields" classname="ec.espe.edu.controller.UserControllerTest" time="0.0">
    <system-out><![CDATA[testProcessLogin_EmptyFields
]]></system-out>
  </testcase>
  <testcase name="testProcessLogin_InvalidCredentials" classname="ec.espe.edu.controller.UserControllerTest" time="0.146">
    <system-out><![CDATA[testProcessLogin_InvalidCredentials
]]></system-out>
  </testcase>
  <testcase name="testGetArtisanName_ValidUser" classname="ec.espe.edu.controller.UserControllerTest" time="0.147">
    <system-out><![CDATA[testGetArtisanName_ValidUser
]]></system-out>
  </testcase>
  <testcase name="testLogin_InvalidPassword" classname="ec.espe.edu.controller.UserControllerTest" time="0.147">
    <system-out><![CDATA[testLogin_InvalidPassword
]]></system-out>
  </testcase>
</testsuite>