<?xml version="1.0" encoding="UTF-8"?>
<testsuite xmlns:xsi="http://www.w3.org/2001/XMLSchema-instance" xsi:noNamespaceSchemaLocation="https://maven.apache.org/surefire/maven-surefire-plugin/xsd/surefire-test-report-3.0.xsd" version="3.0" name="ec.espe.edu.controller.PenaltyControllerTest" time="8.056" tests="4" errors="0" skipped="0" failures="0">
  <properties>
    <property name="java.specification.version" value="24"/>
    <property name="sun.cpu.isalist" value="amd64"/>
    <property name="sun.jnu.encoding" value="Cp1252"/>
    <property name="sun.awt.enableExtraMouseButtons" value="true"/>
    <property name="java.class.path" value="C:\Users\Mikaela\ESPE2504-OOPSW23217-Craft_Market\06Code\NewvercionGUI\CraftMarket.GUI\target\test-classes;C:\Users\Mikaela\ESPE2504-OOPSW23217-Craft_Market\06Code\NewvercionGUI\CraftMarket.GUI\target\classes;C:\Users\Mikaela\.m2\repository\org\mongodb\mongodb-driver-sync\4.11.1\mongodb-driver-sync-4.11.1.jar;C:\Users\Mikaela\.m2\repository\org\mongodb\bson\4.11.1\bson-4.11.1.jar;C:\Users\Mikaela\.m2\repository\org\mongodb\mongodb-driver-core\4.11.1\mongodb-driver-core-4.11.1.jar;C:\Users\Mikaela\.m2\repository\org\mongodb\bson-record-codec\4.11.1\bson-record-codec-4.11.1.jar;C:\Users\Mikaela\.m2\repository\org\slf4j\slf4j-simple\2.0.13\slf4j-simple-2.0.13.jar;C:\Users\Mikaela\.m2\repository\org\slf4j\slf4j-api\2.0.13\slf4j-api-2.0.13.jar;C:\Users\Mikaela\.m2\repository\org\mongodb\mongodb-driver\3.11.0-beta4\mongodb-driver-3.11.0-beta4.jar;C:\Users\Mikaela\.m2\repository\com\toedter\jcalendar\1.4\jcalendar-1.4.jar;C:\Users\Mikaela\.m2\repository\com\itextpdf\barcodes\7.2.5\barcodes-7.2.5.jar;C:\Users\Mikaela\.m2\repository\com\itextpdf\font-asian\7.2.5\font-asian-7.2.5.jar;C:\Users\Mikaela\.m2\repository\com\itextpdf\forms\7.2.5\forms-7.2.5.jar;C:\Users\Mikaela\.m2\repository\com\itextpdf\hyph\7.2.5\hyph-7.2.5.jar;C:\Users\Mikaela\.m2\repository\com\itextpdf\io\7.2.5\io-7.2.5.jar;C:\Users\Mikaela\.m2\repository\com\itextpdf\commons\7.2.5\commons-7.2.5.jar;C:\Users\Mikaela\.m2\repository\com\itextpdf\kernel\7.2.5\kernel-7.2.5.jar;C:\Users\Mikaela\.m2\repository\org\bouncycastle\bcpkix-jdk15on\1.70\bcpkix-jdk15on-1.70.jar;C:\Users\Mikaela\.m2\repository\org\bouncycastle\bcutil-jdk15on\1.70\bcutil-jdk15on-1.70.jar;C:\Users\Mikaela\.m2\repository\org\bouncycastle\bcprov-jdk15on\1.70\bcprov-jdk15on-1.70.jar;C:\Users\Mikaela\.m2\repository\com\itextpdf\layout\7.2.5\layout-7.2.5.jar;C:\Users\Mikaela\.m2\repository\com\itextpdf\pdfa\7.2.5\pdfa-7.2.5.jar;C:\Users\Mikaela\.m2\repository\com\itextpdf\sign\7.2.5\sign-7.2.5.jar;C:\Users\Mikaela\.m2\repository\com\itextpdf\styled-xml-parser\7.2.5\styled-xml-parser-7.2.5.jar;C:\Users\Mikaela\.m2\repository\com\itextpdf\svg\7.2.5\svg-7.2.5.jar;C:\Users\Mikaela\.m2\repository\org\junit\jupiter\junit-jupiter-api\5.13.0-M3\junit-jupiter-api-5.13.0-M3.jar;C:\Users\Mikaela\.m2\repository\org\opentest4j\opentest4j\1.3.0\opentest4j-1.3.0.jar;C:\Users\Mikaela\.m2\repository\org\junit\platform\junit-platform-commons\1.13.0-M3\junit-platform-commons-1.13.0-M3.jar;C:\Users\Mikaela\.m2\repository\org\apiguardian\apiguardian-api\1.1.2\apiguardian-api-1.1.2.jar;"/>
    <property name="java.vm.vendor" value="Oracle Corporation"/>
    <property name="sun.arch.data.model" value="64"/>
    <property name="user.variant" value=""/>
    <property name="java.vendor.url" value="https://java.oracle.com/"/>
    <property name="user.timezone" value="America/Bogota"/>
    <property name="os.name" value="Windows 11"/>
    <property name="java.vm.specification.version" value="24"/>
    <property name="user.country" value="EC"/>
    <property name="sun.java.launcher" value="SUN_STANDARD"/>
    <property name="sun.boot.library.path" value="C:\Program Files\Java\jdk-24\bin"/>
    <property name="sun.java.command" value="C:\Users\Mikaela\AppData\Local\Temp\surefire13323976973616206034\surefirebooter-20250812110618625_3.jar C:\Users\Mikaela\AppData\Local\Temp\surefire13323976973616206034 2025-08-12T11-06-07_836-jvmRun1 surefire-20250812110618625_1tmp surefire_0-20250812110618625_2tmp"/>
    <property name="jdk.debug" value="release"/>
    <property name="surefire.test.class.path" value="C:\Users\Mikaela\ESPE2504-OOPSW23217-Craft_Market\06Code\NewvercionGUI\CraftMarket.GUI\target\test-classes;C:\Users\Mikaela\ESPE2504-OOPSW23217-Craft_Market\06Code\NewvercionGUI\CraftMarket.GUI\target\classes;C:\Users\Mikaela\.m2\repository\org\mongodb\mongodb-driver-sync\4.11.1\mongodb-driver-sync-4.11.1.jar;C:\Users\Mikaela\.m2\repository\org\mongodb\bson\4.11.1\bson-4.11.1.jar;C:\Users\Mikaela\.m2\repository\org\mongodb\mongodb-driver-core\4.11.1\mongodb-driver-core-4.11.1.jar;C:\Users\Mikaela\.m2\repository\org\mongodb\bson-record-codec\4.11.1\bson-record-codec-4.11.1.jar;C:\Users\Mikaela\.m2\repository\org\slf4j\slf4j-simple\2.0.13\slf4j-simple-2.0.13.jar;C:\Users\Mikaela\.m2\repository\org\slf4j\slf4j-api\2.0.13\slf4j-api-2.0.13.jar;C:\Users\Mikaela\.m2\repository\org\mongodb\mongodb-driver\3.11.0-beta4\mongodb-driver-3.11.0-beta4.jar;C:\Users\Mikaela\.m2\repository\com\toedter\jcalendar\1.4\jcalendar-1.4.jar;C:\Users\Mikaela\.m2\repository\com\itextpdf\barcodes\7.2.5\barcodes-7.2.5.jar;C:\Users\Mikaela\.m2\repository\com\itextpdf\font-asian\7.2.5\font-asian-7.2.5.jar;C:\Users\Mikaela\.m2\repository\com\itextpdf\forms\7.2.5\forms-7.2.5.jar;C:\Users\Mikaela\.m2\repository\com\itextpdf\hyph\7.2.5\hyph-7.2.5.jar;C:\Users\Mikaela\.m2\repository\com\itextpdf\io\7.2.5\io-7.2.5.jar;C:\Users\Mikaela\.m2\repository\com\itextpdf\commons\7.2.5\commons-7.2.5.jar;C:\Users\Mikaela\.m2\repository\com\itextpdf\kernel\7.2.5\kernel-7.2.5.jar;C:\Users\Mikaela\.m2\repository\org\bouncycastle\bcpkix-jdk15on\1.70\bcpkix-jdk15on-1.70.jar;C:\Users\Mikaela\.m2\repository\org\bouncycastle\bcutil-jdk15on\1.70\bcutil-jdk15on-1.70.jar;C:\Users\Mikaela\.m2\repository\org\bouncycastle\bcprov-jdk15on\1.70\bcprov-jdk15on-1.70.jar;C:\Users\Mikaela\.m2\repository\com\itextpdf\layout\7.2.5\layout-7.2.5.jar;C:\Users\Mikaela\.m2\repository\com\itextpdf\pdfa\7.2.5\pdfa-7.2.5.jar;C:\Users\Mikaela\.m2\repository\com\itextpdf\sign\7.2.5\sign-7.2.5.jar;C:\Users\Mikaela\.m2\repository\com\itextpdf\styled-xml-parser\7.2.5\styled-xml-parser-7.2.5.jar;C:\Users\Mikaela\.m2\repository\com\itextpdf\svg\7.2.5\svg-7.2.5.jar;C:\Users\Mikaela\.m2\repository\org\junit\jupiter\junit-jupiter-api\5.13.0-M3\junit-jupiter-api-5.13.0-M3.jar;C:\Users\Mikaela\.m2\repository\org\opentest4j\opentest4j\1.3.0\opentest4j-1.3.0.jar;C:\Users\Mikaela\.m2\repository\org\junit\platform\junit-platform-commons\1.13.0-M3\junit-platform-commons-1.13.0-M3.jar;C:\Users\Mikaela\.m2\repository\org\apiguardian\apiguardian-api\1.1.2\apiguardian-api-1.1.2.jar;"/>
    <property name="sun.cpu.endian" value="little"/>
    <property name="user.home" value="C:\Users\Mikaela"/>
    <property name="user.language" value="es"/>
    <property name="java.specification.vendor" value="Oracle Corporation"/>
    <property name="java.version.date" value="2025-04-15"/>
    <property name="java.home" value="C:\Program Files\Java\jdk-24"/>
    <property name="file.separator" value="\"/>
    <property name="basedir" value="C:\Users\Mikaela\ESPE2504-OOPSW23217-Craft_Market\06Code\NewvercionGUI\CraftMarket.GUI"/>
    <property name="java.vm.compressedOopsMode" value="32-bit"/>
    <property name="line.separator" value="&#10;"/>
    <property name="java.vm.specification.vendor" value="Oracle Corporation"/>
    <property name="java.specification.name" value="Java Platform API Specification"/>
    <property name="surefire.real.class.path" value="C:\Users\Mikaela\AppData\Local\Temp\surefire13323976973616206034\surefirebooter-20250812110618625_3.jar"/>
    <property name="user.script" value=""/>
    <property name="sun.management.compiler" value="HotSpot 64-Bit Tiered Compilers"/>
    <property name="java.runtime.version" value="24.0.1+9-30"/>
    <property name="user.name" value="Mikaela"/>
    <property name="stdout.encoding" value="Cp1252"/>
    <property name="path.separator" value=";"/>
    <property name="os.version" value="10.0"/>
    <property name="java.runtime.name" value="Java(TM) SE Runtime Environment"/>
    <property name="file.encoding" value="UTF-8"/>
    <property name="java.vm.name" value="Java HotSpot(TM) 64-Bit Server VM"/>
    <property name="maven.ext.class.path" value="C:\Program Files\NetBeans-25\netbeans\java\maven-nblib\netbeans-eventspy.jar"/>
    <property name="localRepository" value="C:\Users\Mikaela\.m2\repository"/>
    <property name="java.vendor.url.bug" value="https://bugreport.java.com/bugreport/"/>
    <property name="java.io.tmpdir" value="C:\Users\Mikaela\AppData\Local\Temp\"/>
    <property name="java.version" value="24.0.1"/>
    <property name="user.dir" value="C:\Users\Mikaela\ESPE2504-OOPSW23217-Craft_Market\06Code\NewvercionGUI\CraftMarket.GUI"/>
    <property name="os.arch" value="amd64"/>
    <property name="java.vm.specification.name" value="Java Virtual Machine Specification"/>
    <property name="sun.os.patch.level" value=""/>
    <property name="native.encoding" value="Cp1252"/>
    <property name="java.library.path" value="C:\Program Files\Java\jdk-24\bin;C:\WINDOWS\Sun\Java\bin;C:\WINDOWS\system32;C:\WINDOWS;C:\Program Files\Common Files\Oracle\Java\javapath;C:\WINDOWS\system32;C:\WINDOWS;C:\WINDOWS\System32\Wbem;C:\WINDOWS\System32\WindowsPowerShell\v1.0\;C:\WINDOWS\System32\OpenSSH\;C:\Program Files\HP\HP One Agent;C:\WINDOWS\system32;C:\WINDOWS;C:\WINDOWS\System32\Wbem;C:\WINDOWS\System32\WindowsPowerShell\v1.0\;C:\WINDOWS\System32\OpenSSH\;C:\Program Files\Git\cmd;C:\Program Files\nodejs\;C:\Python39\Scripts\;C:\Python39\;C:\Users\Mikaela\AppData\Local\Microsoft\WindowsApps;C:\Users\Mikaela\AppData\Local\Programs\Microsoft VS Code\bin;C:\Users\Mikaela\AppData\Roaming\npm;C:\Archivos de programa\nodejs\;C:\Program Files\MongoDB\Server\8.0\bin;C:\Program Files\MongoDB\mongosh-2.5.2-win32-x64\bin;C:\Program Files\MongoDB\mongosh-2.5.2-win32-x64\bin\mongosh.exe;C:\Users\Mikaela\AppData\Local\Programs\mongosh\;."/>
    <property name="java.vm.info" value="mixed mode, sharing"/>
    <property name="stderr.encoding" value="Cp1252"/>
    <property name="java.vendor" value="Oracle Corporation"/>
    <property name="java.vm.version" value="24.0.1+9-30"/>
    <property name="sun.io.unicode.encoding" value="UnicodeLittle"/>
    <property name="java.class.version" value="68.0"/>
  </properties>
  <testcase name="testCalculatePenaltyNullArtisan" classname="ec.espe.edu.controller.PenaltyControllerTest" time="1.999">
    <system-out><![CDATA[testCalculatePenaltyNullArtisan
]]></system-out>
    <system-err><![CDATA[[main] INFO org.mongodb.driver.client - MongoClient with metadata {"driver": {"name": "mongo-java-driver|sync", "version": "4.11.1"}, "os": {"type": "Windows", "name": "Windows 11", "architecture": "amd64", "version": "10.0"}, "platform": "Java/Oracle Corporation/24.0.1+9-30"} created with settings MongoClientSettings{readPreference=primary, writeConcern=WriteConcern{w=majority, wTimeout=null ms, journal=null}, retryWrites=true, retryReads=true, readConcern=ReadConcern{level=null}, credential=MongoCredential{mechanism=null, userName='machicaiza22', source='admin', password=<hidden>, mechanismProperties=<hidden>}, transportSettings=null, streamFactoryFactory=null, commandListeners=[], codecRegistry=ProvidersCodecRegistry{codecProviders=[ValueCodecProvider{}, BsonValueCodecProvider{}, DBRefCodecProvider{}, DBObjectCodecProvider{}, DocumentCodecProvider{}, CollectionCodecProvider{}, IterableCodecProvider{}, MapCodecProvider{}, GeoJsonCodecProvider{}, GridFSFileCodecProvider{}, Jsr310CodecProvider{}, JsonObjectCodecProvider{}, BsonCodecProvider{}, EnumCodecProvider{}, com.mongodb.client.model.mql.ExpressionCodecProvider@48793bef, com.mongodb.Jep395RecordCodecProvider@7d286fb6, com.mongodb.KotlinCodecProvider@3eb77ea8]}, loggerSettings=LoggerSettings{maxDocumentLength=1000}, clusterSettings={hosts=[127.0.0.1:27017], srvHost=cluster0.dqlf2xq.mongodb.net, srvServiceName=mongodb, mode=MULTIPLE, requiredClusterType=REPLICA_SET, requiredReplicaSetName='atlas-l7tj3w-shard-0', serverSelector='null', clusterListeners='[]', serverSelectionTimeout='30000 ms', localThreshold='15 ms'}, socketSettings=SocketSettings{connectTimeoutMS=10000, readTimeoutMS=0, receiveBufferSize=0, proxySettings=ProxySettings{host=null, port=null, username=null, password=null}}, heartbeatSocketSettings=SocketSettings{connectTimeoutMS=10000, readTimeoutMS=10000, receiveBufferSize=0, proxySettings=ProxySettings{host=null, port=null, username=null, password=null}}, connectionPoolSettings=ConnectionPoolSettings{maxSize=100, minSize=0, maxWaitTimeMS=120000, maxConnectionLifeTimeMS=0, maxConnectionIdleTimeMS=0, maintenanceInitialDelayMS=0, maintenanceFrequencyMS=60000, connectionPoolListeners=[], maxConnecting=2}, serverSettings=ServerSettings{heartbeatFrequencyMS=10000, minHeartbeatFrequencyMS=500, serverListeners='[]', serverMonitorListeners='[]'}, sslSettings=SslSettings{enabled=true, invalidHostNameAllowed=false, context=null}, applicationName='null', compressorList=[], uuidRepresentation=UNSPECIFIED, serverApi=null, autoEncryptionSettings=null, dnsClient=null, inetAddressResolver=null, contextProvider=null}
[main] INFO org.mongodb.driver.cluster - No server chosen by ReadPreferenceServerSelector{readPreference=primary} from cluster description ClusterDescription{type=UNKNOWN, connectionMode=MULTIPLE, serverDescriptions=[]}. Waiting for 30000 ms before timing out
[cluster-ClusterId{value='689b66979b59024cef39ca3b', description='null'}-srv-cluster0.dqlf2xq.mongodb.net] INFO org.mongodb.driver.cluster - Adding discovered server ac-jsfwmwz-shard-00-01.dqlf2xq.mongodb.net:27017 to client view of cluster
[cluster-ClusterId{value='689b66979b59024cef39ca3b', description='null'}-srv-cluster0.dqlf2xq.mongodb.net] INFO org.mongodb.driver.cluster - Adding discovered server ac-jsfwmwz-shard-00-00.dqlf2xq.mongodb.net:27017 to client view of cluster
[cluster-ClusterId{value='689b66979b59024cef39ca3b', description='null'}-srv-cluster0.dqlf2xq.mongodb.net] INFO org.mongodb.driver.cluster - Adding discovered server ac-jsfwmwz-shard-00-02.dqlf2xq.mongodb.net:27017 to client view of cluster
[cluster-ClusterId{value='689b66979b59024cef39ca3b', description='null'}-ac-jsfwmwz-shard-00-01.dqlf2xq.mongodb.net:27017] INFO org.mongodb.driver.cluster - Monitor thread successfully connected to server with description ServerDescription{address=ac-jsfwmwz-shard-00-01.dqlf2xq.mongodb.net:27017, type=REPLICA_SET_SECONDARY, state=CONNECTED, ok=true, minWireVersion=0, maxWireVersion=25, maxDocumentSize=16777216, logicalSessionTimeoutMinutes=30, roundTripTimeNanos=364431500, setName='atlas-l7tj3w-shard-0', canonicalAddress=ac-jsfwmwz-shard-00-01.dqlf2xq.mongodb.net:27017, hosts=[ac-jsfwmwz-shard-00-01.dqlf2xq.mongodb.net:27017, ac-jsfwmwz-shard-00-02.dqlf2xq.mongodb.net:27017, ac-jsfwmwz-shard-00-00.dqlf2xq.mongodb.net:27017], passives=[], arbiters=[], primary='ac-jsfwmwz-shard-00-02.dqlf2xq.mongodb.net:27017', tagSet=TagSet{[Tag{name='availabilityZone', value='sae1-az3'}, Tag{name='diskState', value='READY'}, Tag{name='nodeType', value='ELECTABLE'}, Tag{name='provider', value='AWS'}, Tag{name='region', value='SA_EAST_1'}, Tag{name='workloadType', value='OPERATIONAL'}]}, electionId=null, setVersion=36, topologyVersion=TopologyVersion{processId=689a3a0b69a4e2427720f039, counter=3}, lastWriteDate=Tue Aug 12 11:06:47 GMT-05:00 2025, lastUpdateTimeNanos=61038556245700}
[cluster-ClusterId{value='689b66979b59024cef39ca3b', description='null'}-ac-jsfwmwz-shard-00-02.dqlf2xq.mongodb.net:27017] INFO org.mongodb.driver.cluster - Monitor thread successfully connected to server with description ServerDescription{address=ac-jsfwmwz-shard-00-02.dqlf2xq.mongodb.net:27017, type=REPLICA_SET_PRIMARY, state=CONNECTED, ok=true, minWireVersion=0, maxWireVersion=25, maxDocumentSize=16777216, logicalSessionTimeoutMinutes=30, roundTripTimeNanos=366265400, setName='atlas-l7tj3w-shard-0', canonicalAddress=ac-jsfwmwz-shard-00-02.dqlf2xq.mongodb.net:27017, hosts=[ac-jsfwmwz-shard-00-01.dqlf2xq.mongodb.net:27017, ac-jsfwmwz-shard-00-02.dqlf2xq.mongodb.net:27017, ac-jsfwmwz-shard-00-00.dqlf2xq.mongodb.net:27017], passives=[], arbiters=[], primary='ac-jsfwmwz-shard-00-02.dqlf2xq.mongodb.net:27017', tagSet=TagSet{[Tag{name='availabilityZone', value='sae1-az2'}, Tag{name='diskState', value='READY'}, Tag{name='nodeType', value='ELECTABLE'}, Tag{name='provider', value='AWS'}, Tag{name='region', value='SA_EAST_1'}, Tag{name='workloadType', value='OPERATIONAL'}]}, electionId=7fffffff00000000000000d5, setVersion=36, topologyVersion=TopologyVersion{processId=689a377c8d9dd2b0599e2299, counter=6}, lastWriteDate=Tue Aug 12 11:06:47 GMT-05:00 2025, lastUpdateTimeNanos=61038559907000}
[cluster-ClusterId{value='689b66979b59024cef39ca3b', description='null'}-ac-jsfwmwz-shard-00-02.dqlf2xq.mongodb.net:27017] INFO org.mongodb.driver.cluster - Discovered replica set primary ac-jsfwmwz-shard-00-02.dqlf2xq.mongodb.net:27017 with max election id 7fffffff00000000000000d5 and max set version 36
[cluster-ClusterId{value='689b66979b59024cef39ca3b', description='null'}-ac-jsfwmwz-shard-00-00.dqlf2xq.mongodb.net:27017] INFO org.mongodb.driver.cluster - Monitor thread successfully connected to server with description ServerDescription{address=ac-jsfwmwz-shard-00-00.dqlf2xq.mongodb.net:27017, type=REPLICA_SET_SECONDARY, state=CONNECTED, ok=true, minWireVersion=0, maxWireVersion=25, maxDocumentSize=16777216, logicalSessionTimeoutMinutes=30, roundTripTimeNanos=342761900, setName='atlas-l7tj3w-shard-0', canonicalAddress=ac-jsfwmwz-shard-00-00.dqlf2xq.mongodb.net:27017, hosts=[ac-jsfwmwz-shard-00-01.dqlf2xq.mongodb.net:27017, ac-jsfwmwz-shard-00-02.dqlf2xq.mongodb.net:27017, ac-jsfwmwz-shard-00-00.dqlf2xq.mongodb.net:27017], passives=[], arbiters=[], primary='ac-jsfwmwz-shard-00-02.dqlf2xq.mongodb.net:27017', tagSet=TagSet{[Tag{name='availabilityZone', value='sae1-az1'}, Tag{name='diskState', value='READY'}, Tag{name='nodeType', value='ELECTABLE'}, Tag{name='provider', value='AWS'}, Tag{name='region', value='SA_EAST_1'}, Tag{name='workloadType', value='OPERATIONAL'}]}, electionId=null, setVersion=36, topologyVersion=TopologyVersion{processId=689a3429d99dd3dcbf837357, counter=4}, lastWriteDate=Tue Aug 12 11:06:47 GMT-05:00 2025, lastUpdateTimeNanos=61038573880400}
]]></system-err>
  </testcase>
  <testcase name="testCalculatePenaltyValidArtisan" classname="ec.espe.edu.controller.PenaltyControllerTest" time="2.128">
    <system-out><![CDATA[testCalculatePenaltyValidArtisan
]]></system-out>
    <system-err><![CDATA[[main] INFO org.mongodb.driver.client - MongoClient with metadata {"driver": {"name": "mongo-java-driver|sync", "version": "4.11.1"}, "os": {"type": "Windows", "name": "Windows 11", "architecture": "amd64", "version": "10.0"}, "platform": "Java/Oracle Corporation/24.0.1+9-30"} created with settings MongoClientSettings{readPreference=primary, writeConcern=WriteConcern{w=majority, wTimeout=null ms, journal=null}, retryWrites=true, retryReads=true, readConcern=ReadConcern{level=null}, credential=MongoCredential{mechanism=null, userName='machicaiza22', source='admin', password=<hidden>, mechanismProperties=<hidden>}, transportSettings=null, streamFactoryFactory=null, commandListeners=[], codecRegistry=ProvidersCodecRegistry{codecProviders=[ValueCodecProvider{}, BsonValueCodecProvider{}, DBRefCodecProvider{}, DBObjectCodecProvider{}, DocumentCodecProvider{}, CollectionCodecProvider{}, IterableCodecProvider{}, MapCodecProvider{}, GeoJsonCodecProvider{}, GridFSFileCodecProvider{}, Jsr310CodecProvider{}, JsonObjectCodecProvider{}, BsonCodecProvider{}, EnumCodecProvider{}, com.mongodb.client.model.mql.ExpressionCodecProvider@48793bef, com.mongodb.Jep395RecordCodecProvider@7d286fb6, com.mongodb.KotlinCodecProvider@3eb77ea8]}, loggerSettings=LoggerSettings{maxDocumentLength=1000}, clusterSettings={hosts=[127.0.0.1:27017], srvHost=cluster0.dqlf2xq.mongodb.net, srvServiceName=mongodb, mode=MULTIPLE, requiredClusterType=REPLICA_SET, requiredReplicaSetName='atlas-l7tj3w-shard-0', serverSelector='null', clusterListeners='[]', serverSelectionTimeout='30000 ms', localThreshold='15 ms'}, socketSettings=SocketSettings{connectTimeoutMS=10000, readTimeoutMS=0, receiveBufferSize=0, proxySettings=ProxySettings{host=null, port=null, username=null, password=null}}, heartbeatSocketSettings=SocketSettings{connectTimeoutMS=10000, readTimeoutMS=10000, receiveBufferSize=0, proxySettings=ProxySettings{host=null, port=null, username=null, password=null}}, connectionPoolSettings=ConnectionPoolSettings{maxSize=100, minSize=0, maxWaitTimeMS=120000, maxConnectionLifeTimeMS=0, maxConnectionIdleTimeMS=0, maintenanceInitialDelayMS=0, maintenanceFrequencyMS=60000, connectionPoolListeners=[], maxConnecting=2}, serverSettings=ServerSettings{heartbeatFrequencyMS=10000, minHeartbeatFrequencyMS=500, serverListeners='[]', serverMonitorListeners='[]'}, sslSettings=SslSettings{enabled=true, invalidHostNameAllowed=false, context=null}, applicationName='null', compressorList=[], uuidRepresentation=UNSPECIFIED, serverApi=null, autoEncryptionSettings=null, dnsClient=null, inetAddressResolver=null, contextProvider=null}
[main] INFO org.mongodb.driver.cluster - No server chosen by ReadPreferenceServerSelector{readPreference=primary} from cluster description ClusterDescription{type=UNKNOWN, connectionMode=MULTIPLE, serverDescriptions=[]}. Waiting for 30000 ms before timing out
[cluster-ClusterId{value='689b66999b59024cef39ca3c', description='null'}-srv-cluster0.dqlf2xq.mongodb.net] INFO org.mongodb.driver.cluster - Adding discovered server ac-jsfwmwz-shard-00-01.dqlf2xq.mongodb.net:27017 to client view of cluster
[cluster-ClusterId{value='689b66999b59024cef39ca3c', description='null'}-srv-cluster0.dqlf2xq.mongodb.net] INFO org.mongodb.driver.cluster - Adding discovered server ac-jsfwmwz-shard-00-00.dqlf2xq.mongodb.net:27017 to client view of cluster
[cluster-ClusterId{value='689b66999b59024cef39ca3c', description='null'}-srv-cluster0.dqlf2xq.mongodb.net] INFO org.mongodb.driver.cluster - Adding discovered server ac-jsfwmwz-shard-00-02.dqlf2xq.mongodb.net:27017 to client view of cluster
[cluster-ClusterId{value='689b66999b59024cef39ca3c', description='null'}-ac-jsfwmwz-shard-00-02.dqlf2xq.mongodb.net:27017] INFO org.mongodb.driver.cluster - Monitor thread successfully connected to server with description ServerDescription{address=ac-jsfwmwz-shard-00-02.dqlf2xq.mongodb.net:27017, type=REPLICA_SET_PRIMARY, state=CONNECTED, ok=true, minWireVersion=0, maxWireVersion=25, maxDocumentSize=16777216, logicalSessionTimeoutMinutes=30, roundTripTimeNanos=605522300, setName='atlas-l7tj3w-shard-0', canonicalAddress=ac-jsfwmwz-shard-00-02.dqlf2xq.mongodb.net:27017, hosts=[ac-jsfwmwz-shard-00-01.dqlf2xq.mongodb.net:27017, ac-jsfwmwz-shard-00-02.dqlf2xq.mongodb.net:27017, ac-jsfwmwz-shard-00-00.dqlf2xq.mongodb.net:27017], passives=[], arbiters=[], primary='ac-jsfwmwz-shard-00-02.dqlf2xq.mongodb.net:27017', tagSet=TagSet{[Tag{name='availabilityZone', value='sae1-az2'}, Tag{name='diskState', value='READY'}, Tag{name='nodeType', value='ELECTABLE'}, Tag{name='provider', value='AWS'}, Tag{name='region', value='SA_EAST_1'}, Tag{name='workloadType', value='OPERATIONAL'}]}, electionId=7fffffff00000000000000d5, setVersion=36, topologyVersion=TopologyVersion{processId=689a377c8d9dd2b0599e2299, counter=6}, lastWriteDate=Tue Aug 12 11:06:49 GMT-05:00 2025, lastUpdateTimeNanos=61041010841200}
[cluster-ClusterId{value='689b66999b59024cef39ca3c', description='null'}-ac-jsfwmwz-shard-00-00.dqlf2xq.mongodb.net:27017] INFO org.mongodb.driver.cluster - Monitor thread successfully connected to server with description ServerDescription{address=ac-jsfwmwz-shard-00-00.dqlf2xq.mongodb.net:27017, type=REPLICA_SET_SECONDARY, state=CONNECTED, ok=true, minWireVersion=0, maxWireVersion=25, maxDocumentSize=16777216, logicalSessionTimeoutMinutes=30, roundTripTimeNanos=607350900, setName='atlas-l7tj3w-shard-0', canonicalAddress=ac-jsfwmwz-shard-00-00.dqlf2xq.mongodb.net:27017, hosts=[ac-jsfwmwz-shard-00-01.dqlf2xq.mongodb.net:27017, ac-jsfwmwz-shard-00-02.dqlf2xq.mongodb.net:27017, ac-jsfwmwz-shard-00-00.dqlf2xq.mongodb.net:27017], passives=[], arbiters=[], primary='ac-jsfwmwz-shard-00-02.dqlf2xq.mongodb.net:27017', tagSet=TagSet{[Tag{name='availabilityZone', value='sae1-az1'}, Tag{name='diskState', value='READY'}, Tag{name='nodeType', value='ELECTABLE'}, Tag{name='provider', value='AWS'}, Tag{name='region', value='SA_EAST_1'}, Tag{name='workloadType', value='OPERATIONAL'}]}, electionId=null, setVersion=36, topologyVersion=TopologyVersion{processId=689a3429d99dd3dcbf837357, counter=4}, lastWriteDate=Tue Aug 12 11:06:49 GMT-05:00 2025, lastUpdateTimeNanos=61041011119200}
[cluster-ClusterId{value='689b66999b59024cef39ca3c', description='null'}-ac-jsfwmwz-shard-00-02.dqlf2xq.mongodb.net:27017] INFO org.mongodb.driver.cluster - Discovered replica set primary ac-jsfwmwz-shard-00-02.dqlf2xq.mongodb.net:27017 with max election id 7fffffff00000000000000d5 and max set version 36
[cluster-ClusterId{value='689b66999b59024cef39ca3c', description='null'}-ac-jsfwmwz-shard-00-01.dqlf2xq.mongodb.net:27017] INFO org.mongodb.driver.cluster - Monitor thread successfully connected to server with description ServerDescription{address=ac-jsfwmwz-shard-00-01.dqlf2xq.mongodb.net:27017, type=REPLICA_SET_SECONDARY, state=CONNECTED, ok=true, minWireVersion=0, maxWireVersion=25, maxDocumentSize=16777216, logicalSessionTimeoutMinutes=30, roundTripTimeNanos=609325600, setName='atlas-l7tj3w-shard-0', canonicalAddress=ac-jsfwmwz-shard-00-01.dqlf2xq.mongodb.net:27017, hosts=[ac-jsfwmwz-shard-00-01.dqlf2xq.mongodb.net:27017, ac-jsfwmwz-shard-00-02.dqlf2xq.mongodb.net:27017, ac-jsfwmwz-shard-00-00.dqlf2xq.mongodb.net:27017], passives=[], arbiters=[], primary='ac-jsfwmwz-shard-00-02.dqlf2xq.mongodb.net:27017', tagSet=TagSet{[Tag{name='availabilityZone', value='sae1-az3'}, Tag{name='diskState', value='READY'}, Tag{name='nodeType', value='ELECTABLE'}, Tag{name='provider', value='AWS'}, Tag{name='region', value='SA_EAST_1'}, Tag{name='workloadType', value='OPERATIONAL'}]}, electionId=null, setVersion=36, topologyVersion=TopologyVersion{processId=689a3a0b69a4e2427720f039, counter=3}, lastWriteDate=Tue Aug 12 11:06:49 GMT-05:00 2025, lastUpdateTimeNanos=61041013011200}
]]></system-err>
  </testcase>
  <testcase name="testCalculatePenaltyLogic" classname="ec.espe.edu.controller.PenaltyControllerTest" time="1.911">
    <system-out><![CDATA[testCalculatePenaltyLogic
]]></system-out>
    <system-err><![CDATA[[main] INFO org.mongodb.driver.client - MongoClient with metadata {"driver": {"name": "mongo-java-driver|sync", "version": "4.11.1"}, "os": {"type": "Windows", "name": "Windows 11", "architecture": "amd64", "version": "10.0"}, "platform": "Java/Oracle Corporation/24.0.1+9-30"} created with settings MongoClientSettings{readPreference=primary, writeConcern=WriteConcern{w=majority, wTimeout=null ms, journal=null}, retryWrites=true, retryReads=true, readConcern=ReadConcern{level=null}, credential=MongoCredential{mechanism=null, userName='machicaiza22', source='admin', password=<hidden>, mechanismProperties=<hidden>}, transportSettings=null, streamFactoryFactory=null, commandListeners=[], codecRegistry=ProvidersCodecRegistry{codecProviders=[ValueCodecProvider{}, BsonValueCodecProvider{}, DBRefCodecProvider{}, DBObjectCodecProvider{}, DocumentCodecProvider{}, CollectionCodecProvider{}, IterableCodecProvider{}, MapCodecProvider{}, GeoJsonCodecProvider{}, GridFSFileCodecProvider{}, Jsr310CodecProvider{}, JsonObjectCodecProvider{}, BsonCodecProvider{}, EnumCodecProvider{}, com.mongodb.client.model.mql.ExpressionCodecProvider@48793bef, com.mongodb.Jep395RecordCodecProvider@7d286fb6, com.mongodb.KotlinCodecProvider@3eb77ea8]}, loggerSettings=LoggerSettings{maxDocumentLength=1000}, clusterSettings={hosts=[127.0.0.1:27017], srvHost=cluster0.dqlf2xq.mongodb.net, srvServiceName=mongodb, mode=MULTIPLE, requiredClusterType=REPLICA_SET, requiredReplicaSetName='atlas-l7tj3w-shard-0', serverSelector='null', clusterListeners='[]', serverSelectionTimeout='30000 ms', localThreshold='15 ms'}, socketSettings=SocketSettings{connectTimeoutMS=10000, readTimeoutMS=0, receiveBufferSize=0, proxySettings=ProxySettings{host=null, port=null, username=null, password=null}}, heartbeatSocketSettings=SocketSettings{connectTimeoutMS=10000, readTimeoutMS=10000, receiveBufferSize=0, proxySettings=ProxySettings{host=null, port=null, username=null, password=null}}, connectionPoolSettings=ConnectionPoolSettings{maxSize=100, minSize=0, maxWaitTimeMS=120000, maxConnectionLifeTimeMS=0, maxConnectionIdleTimeMS=0, maintenanceInitialDelayMS=0, maintenanceFrequencyMS=60000, connectionPoolListeners=[], maxConnecting=2}, serverSettings=ServerSettings{heartbeatFrequencyMS=10000, minHeartbeatFrequencyMS=500, serverListeners='[]', serverMonitorListeners='[]'}, sslSettings=SslSettings{enabled=true, invalidHostNameAllowed=false, context=null}, applicationName='null', compressorList=[], uuidRepresentation=UNSPECIFIED, serverApi=null, autoEncryptionSettings=null, dnsClient=null, inetAddressResolver=null, contextProvider=null}
[main] INFO org.mongodb.driver.cluster - No server chosen by ReadPreferenceServerSelector{readPreference=primary} from cluster description ClusterDescription{type=UNKNOWN, connectionMode=MULTIPLE, serverDescriptions=[]}. Waiting for 30000 ms before timing out
[cluster-ClusterId{value='689b669b9b59024cef39ca3d', description='null'}-srv-cluster0.dqlf2xq.mongodb.net] INFO org.mongodb.driver.cluster - Adding discovered server ac-jsfwmwz-shard-00-01.dqlf2xq.mongodb.net:27017 to client view of cluster
[cluster-ClusterId{value='689b669b9b59024cef39ca3d', description='null'}-srv-cluster0.dqlf2xq.mongodb.net] INFO org.mongodb.driver.cluster - Adding discovered server ac-jsfwmwz-shard-00-00.dqlf2xq.mongodb.net:27017 to client view of cluster
[cluster-ClusterId{value='689b669b9b59024cef39ca3d', description='null'}-srv-cluster0.dqlf2xq.mongodb.net] INFO org.mongodb.driver.cluster - Adding discovered server ac-jsfwmwz-shard-00-02.dqlf2xq.mongodb.net:27017 to client view of cluster
[cluster-ClusterId{value='689b669b9b59024cef39ca3d', description='null'}-ac-jsfwmwz-shard-00-01.dqlf2xq.mongodb.net:27017] INFO org.mongodb.driver.cluster - Monitor thread successfully connected to server with description ServerDescription{address=ac-jsfwmwz-shard-00-01.dqlf2xq.mongodb.net:27017, type=REPLICA_SET_SECONDARY, state=CONNECTED, ok=true, minWireVersion=0, maxWireVersion=25, maxDocumentSize=16777216, logicalSessionTimeoutMinutes=30, roundTripTimeNanos=513111900, setName='atlas-l7tj3w-shard-0', canonicalAddress=ac-jsfwmwz-shard-00-01.dqlf2xq.mongodb.net:27017, hosts=[ac-jsfwmwz-shard-00-01.dqlf2xq.mongodb.net:27017, ac-jsfwmwz-shard-00-02.dqlf2xq.mongodb.net:27017, ac-jsfwmwz-shard-00-00.dqlf2xq.mongodb.net:27017], passives=[], arbiters=[], primary='ac-jsfwmwz-shard-00-02.dqlf2xq.mongodb.net:27017', tagSet=TagSet{[Tag{name='availabilityZone', value='sae1-az3'}, Tag{name='diskState', value='READY'}, Tag{name='nodeType', value='ELECTABLE'}, Tag{name='provider', value='AWS'}, Tag{name='region', value='SA_EAST_1'}, Tag{name='workloadType', value='OPERATIONAL'}]}, electionId=null, setVersion=36, topologyVersion=TopologyVersion{processId=689a3a0b69a4e2427720f039, counter=3}, lastWriteDate=Tue Aug 12 11:06:51 GMT-05:00 2025, lastUpdateTimeNanos=61042962788500}
[cluster-ClusterId{value='689b669b9b59024cef39ca3d', description='null'}-ac-jsfwmwz-shard-00-00.dqlf2xq.mongodb.net:27017] INFO org.mongodb.driver.cluster - Monitor thread successfully connected to server with description ServerDescription{address=ac-jsfwmwz-shard-00-00.dqlf2xq.mongodb.net:27017, type=REPLICA_SET_SECONDARY, state=CONNECTED, ok=true, minWireVersion=0, maxWireVersion=25, maxDocumentSize=16777216, logicalSessionTimeoutMinutes=30, roundTripTimeNanos=516594200, setName='atlas-l7tj3w-shard-0', canonicalAddress=ac-jsfwmwz-shard-00-00.dqlf2xq.mongodb.net:27017, hosts=[ac-jsfwmwz-shard-00-01.dqlf2xq.mongodb.net:27017, ac-jsfwmwz-shard-00-02.dqlf2xq.mongodb.net:27017, ac-jsfwmwz-shard-00-00.dqlf2xq.mongodb.net:27017], passives=[], arbiters=[], primary='ac-jsfwmwz-shard-00-02.dqlf2xq.mongodb.net:27017', tagSet=TagSet{[Tag{name='availabilityZone', value='sae1-az1'}, Tag{name='diskState', value='READY'}, Tag{name='nodeType', value='ELECTABLE'}, Tag{name='provider', value='AWS'}, Tag{name='region', value='SA_EAST_1'}, Tag{name='workloadType', value='OPERATIONAL'}]}, electionId=null, setVersion=36, topologyVersion=TopologyVersion{processId=689a3429d99dd3dcbf837357, counter=4}, lastWriteDate=Tue Aug 12 11:06:51 GMT-05:00 2025, lastUpdateTimeNanos=61042966606500}
[cluster-ClusterId{value='689b669b9b59024cef39ca3d', description='null'}-ac-jsfwmwz-shard-00-02.dqlf2xq.mongodb.net:27017] INFO org.mongodb.driver.cluster - Monitor thread successfully connected to server with description ServerDescription{address=ac-jsfwmwz-shard-00-02.dqlf2xq.mongodb.net:27017, type=REPLICA_SET_PRIMARY, state=CONNECTED, ok=true, minWireVersion=0, maxWireVersion=25, maxDocumentSize=16777216, logicalSessionTimeoutMinutes=30, roundTripTimeNanos=515461700, setName='atlas-l7tj3w-shard-0', canonicalAddress=ac-jsfwmwz-shard-00-02.dqlf2xq.mongodb.net:27017, hosts=[ac-jsfwmwz-shard-00-01.dqlf2xq.mongodb.net:27017, ac-jsfwmwz-shard-00-02.dqlf2xq.mongodb.net:27017, ac-jsfwmwz-shard-00-00.dqlf2xq.mongodb.net:27017], passives=[], arbiters=[], primary='ac-jsfwmwz-shard-00-02.dqlf2xq.mongodb.net:27017', tagSet=TagSet{[Tag{name='availabilityZone', value='sae1-az2'}, Tag{name='diskState', value='READY'}, Tag{name='nodeType', value='ELECTABLE'}, Tag{name='provider', value='AWS'}, Tag{name='region', value='SA_EAST_1'}, Tag{name='workloadType', value='OPERATIONAL'}]}, electionId=7fffffff00000000000000d5, setVersion=36, topologyVersion=TopologyVersion{processId=689a377c8d9dd2b0599e2299, counter=6}, lastWriteDate=Tue Aug 12 11:06:51 GMT-05:00 2025, lastUpdateTimeNanos=61042966732900}
[cluster-ClusterId{value='689b669b9b59024cef39ca3d', description='null'}-ac-jsfwmwz-shard-00-02.dqlf2xq.mongodb.net:27017] INFO org.mongodb.driver.cluster - Discovered replica set primary ac-jsfwmwz-shard-00-02.dqlf2xq.mongodb.net:27017 with max election id 7fffffff00000000000000d5 and max set version 36
]]></system-err>
  </testcase>
  <testcase name="testCalculatePenaltyEmptyArtisan" classname="ec.espe.edu.controller.PenaltyControllerTest" time="2.012">
    <system-out><![CDATA[testCalculatePenaltyEmptyArtisan
]]></system-out>
    <system-err><![CDATA[[main] INFO org.mongodb.driver.client - MongoClient with metadata {"driver": {"name": "mongo-java-driver|sync", "version": "4.11.1"}, "os": {"type": "Windows", "name": "Windows 11", "architecture": "amd64", "version": "10.0"}, "platform": "Java/Oracle Corporation/24.0.1+9-30"} created with settings MongoClientSettings{readPreference=primary, writeConcern=WriteConcern{w=majority, wTimeout=null ms, journal=null}, retryWrites=true, retryReads=true, readConcern=ReadConcern{level=null}, credential=MongoCredential{mechanism=null, userName='machicaiza22', source='admin', password=<hidden>, mechanismProperties=<hidden>}, transportSettings=null, streamFactoryFactory=null, commandListeners=[], codecRegistry=ProvidersCodecRegistry{codecProviders=[ValueCodecProvider{}, BsonValueCodecProvider{}, DBRefCodecProvider{}, DBObjectCodecProvider{}, DocumentCodecProvider{}, CollectionCodecProvider{}, IterableCodecProvider{}, MapCodecProvider{}, GeoJsonCodecProvider{}, GridFSFileCodecProvider{}, Jsr310CodecProvider{}, JsonObjectCodecProvider{}, BsonCodecProvider{}, EnumCodecProvider{}, com.mongodb.client.model.mql.ExpressionCodecProvider@48793bef, com.mongodb.Jep395RecordCodecProvider@7d286fb6, com.mongodb.KotlinCodecProvider@3eb77ea8]}, loggerSettings=LoggerSettings{maxDocumentLength=1000}, clusterSettings={hosts=[127.0.0.1:27017], srvHost=cluster0.dqlf2xq.mongodb.net, srvServiceName=mongodb, mode=MULTIPLE, requiredClusterType=REPLICA_SET, requiredReplicaSetName='atlas-l7tj3w-shard-0', serverSelector='null', clusterListeners='[]', serverSelectionTimeout='30000 ms', localThreshold='15 ms'}, socketSettings=SocketSettings{connectTimeoutMS=10000, readTimeoutMS=0, receiveBufferSize=0, proxySettings=ProxySettings{host=null, port=null, username=null, password=null}}, heartbeatSocketSettings=SocketSettings{connectTimeoutMS=10000, readTimeoutMS=10000, receiveBufferSize=0, proxySettings=ProxySettings{host=null, port=null, username=null, password=null}}, connectionPoolSettings=ConnectionPoolSettings{maxSize=100, minSize=0, maxWaitTimeMS=120000, maxConnectionLifeTimeMS=0, maxConnectionIdleTimeMS=0, maintenanceInitialDelayMS=0, maintenanceFrequencyMS=60000, connectionPoolListeners=[], maxConnecting=2}, serverSettings=ServerSettings{heartbeatFrequencyMS=10000, minHeartbeatFrequencyMS=500, serverListeners='[]', serverMonitorListeners='[]'}, sslSettings=SslSettings{enabled=true, invalidHostNameAllowed=false, context=null}, applicationName='null', compressorList=[], uuidRepresentation=UNSPECIFIED, serverApi=null, autoEncryptionSettings=null, dnsClient=null, inetAddressResolver=null, contextProvider=null}
[main] INFO org.mongodb.driver.cluster - No server chosen by ReadPreferenceServerSelector{readPreference=primary} from cluster description ClusterDescription{type=UNKNOWN, connectionMode=MULTIPLE, serverDescriptions=[]}. Waiting for 30000 ms before timing out
[cluster-ClusterId{value='689b669d9b59024cef39ca3e', description='null'}-srv-cluster0.dqlf2xq.mongodb.net] INFO org.mongodb.driver.cluster - Adding discovered server ac-jsfwmwz-shard-00-01.dqlf2xq.mongodb.net:27017 to client view of cluster
[cluster-ClusterId{value='689b669d9b59024cef39ca3e', description='null'}-srv-cluster0.dqlf2xq.mongodb.net] INFO org.mongodb.driver.cluster - Adding discovered server ac-jsfwmwz-shard-00-00.dqlf2xq.mongodb.net:27017 to client view of cluster
[cluster-ClusterId{value='689b669d9b59024cef39ca3e', description='null'}-srv-cluster0.dqlf2xq.mongodb.net] INFO org.mongodb.driver.cluster - Adding discovered server ac-jsfwmwz-shard-00-02.dqlf2xq.mongodb.net:27017 to client view of cluster
[cluster-ClusterId{value='689b669d9b59024cef39ca3e', description='null'}-ac-jsfwmwz-shard-00-00.dqlf2xq.mongodb.net:27017] INFO org.mongodb.driver.cluster - Monitor thread successfully connected to server with description ServerDescription{address=ac-jsfwmwz-shard-00-00.dqlf2xq.mongodb.net:27017, type=REPLICA_SET_SECONDARY, state=CONNECTED, ok=true, minWireVersion=0, maxWireVersion=25, maxDocumentSize=16777216, logicalSessionTimeoutMinutes=30, roundTripTimeNanos=356071600, setName='atlas-l7tj3w-shard-0', canonicalAddress=ac-jsfwmwz-shard-00-00.dqlf2xq.mongodb.net:27017, hosts=[ac-jsfwmwz-shard-00-01.dqlf2xq.mongodb.net:27017, ac-jsfwmwz-shard-00-02.dqlf2xq.mongodb.net:27017, ac-jsfwmwz-shard-00-00.dqlf2xq.mongodb.net:27017], passives=[], arbiters=[], primary='ac-jsfwmwz-shard-00-02.dqlf2xq.mongodb.net:27017', tagSet=TagSet{[Tag{name='availabilityZone', value='sae1-az1'}, Tag{name='diskState', value='READY'}, Tag{name='nodeType', value='ELECTABLE'}, Tag{name='provider', value='AWS'}, Tag{name='region', value='SA_EAST_1'}, Tag{name='workloadType', value='OPERATIONAL'}]}, electionId=null, setVersion=36, topologyVersion=TopologyVersion{processId=689a3429d99dd3dcbf837357, counter=4}, lastWriteDate=Tue Aug 12 11:06:53 GMT-05:00 2025, lastUpdateTimeNanos=61044657292500}
[cluster-ClusterId{value='689b669d9b59024cef39ca3e', description='null'}-ac-jsfwmwz-shard-00-01.dqlf2xq.mongodb.net:27017] INFO org.mongodb.driver.cluster - Monitor thread successfully connected to server with description ServerDescription{address=ac-jsfwmwz-shard-00-01.dqlf2xq.mongodb.net:27017, type=REPLICA_SET_SECONDARY, state=CONNECTED, ok=true, minWireVersion=0, maxWireVersion=25, maxDocumentSize=16777216, logicalSessionTimeoutMinutes=30, roundTripTimeNanos=360843100, setName='atlas-l7tj3w-shard-0', canonicalAddress=ac-jsfwmwz-shard-00-01.dqlf2xq.mongodb.net:27017, hosts=[ac-jsfwmwz-shard-00-01.dqlf2xq.mongodb.net:27017, ac-jsfwmwz-shard-00-02.dqlf2xq.mongodb.net:27017, ac-jsfwmwz-shard-00-00.dqlf2xq.mongodb.net:27017], passives=[], arbiters=[], primary='ac-jsfwmwz-shard-00-02.dqlf2xq.mongodb.net:27017', tagSet=TagSet{[Tag{name='availabilityZone', value='sae1-az3'}, Tag{name='diskState', value='READY'}, Tag{name='nodeType', value='ELECTABLE'}, Tag{name='provider', value='AWS'}, Tag{name='region', value='SA_EAST_1'}, Tag{name='workloadType', value='OPERATIONAL'}]}, electionId=null, setVersion=36, topologyVersion=TopologyVersion{processId=689a3a0b69a4e2427720f039, counter=3}, lastWriteDate=Tue Aug 12 11:06:53 GMT-05:00 2025, lastUpdateTimeNanos=61044657897400}
[cluster-ClusterId{value='689b669d9b59024cef39ca3e', description='null'}-ac-jsfwmwz-shard-00-02.dqlf2xq.mongodb.net:27017] INFO org.mongodb.driver.cluster - Monitor thread successfully connected to server with description ServerDescription{address=ac-jsfwmwz-shard-00-02.dqlf2xq.mongodb.net:27017, type=REPLICA_SET_PRIMARY, state=CONNECTED, ok=true, minWireVersion=0, maxWireVersion=25, maxDocumentSize=16777216, logicalSessionTimeoutMinutes=30, roundTripTimeNanos=360518000, setName='atlas-l7tj3w-shard-0', canonicalAddress=ac-jsfwmwz-shard-00-02.dqlf2xq.mongodb.net:27017, hosts=[ac-jsfwmwz-shard-00-01.dqlf2xq.mongodb.net:27017, ac-jsfwmwz-shard-00-02.dqlf2xq.mongodb.net:27017, ac-jsfwmwz-shard-00-00.dqlf2xq.mongodb.net:27017], passives=[], arbiters=[], primary='ac-jsfwmwz-shard-00-02.dqlf2xq.mongodb.net:27017', tagSet=TagSet{[Tag{name='availabilityZone', value='sae1-az2'}, Tag{name='diskState', value='READY'}, Tag{name='nodeType', value='ELECTABLE'}, Tag{name='provider', value='AWS'}, Tag{name='region', value='SA_EAST_1'}, Tag{name='workloadType', value='OPERATIONAL'}]}, electionId=7fffffff00000000000000d5, setVersion=36, topologyVersion=TopologyVersion{processId=689a377c8d9dd2b0599e2299, counter=6}, lastWriteDate=Tue Aug 12 11:06:53 GMT-05:00 2025, lastUpdateTimeNanos=61044662749000}
[cluster-ClusterId{value='689b669d9b59024cef39ca3e', description='null'}-ac-jsfwmwz-shard-00-02.dqlf2xq.mongodb.net:27017] INFO org.mongodb.driver.cluster - Discovered replica set primary ac-jsfwmwz-shard-00-02.dqlf2xq.mongodb.net:27017 with max election id 7fffffff00000000000000d5 and max set version 36
]]></system-err>
  </testcase>
</testsuite>