<?xml version="1.0" encoding="UTF-8"?>
<testsuite xmlns:xsi="http://www.w3.org/2001/XMLSchema-instance" xsi:noNamespaceSchemaLocation="https://maven.apache.org/surefire/maven-surefire-plugin/xsd/surefire-test-report-3.0.xsd" version="3.0" name="ec.espe.edu.controller.ProductManagerTest" time="4.277" tests="6" errors="0" skipped="0" failures="0">
  <properties>
    <property name="java.specification.version" value="24"/>
    <property name="sun.cpu.isalist" value="amd64"/>
    <property name="sun.jnu.encoding" value="Cp1252"/>
    <property name="java.class.path" value="C:\Users\chica\OneDrive\Desktop\Nueva carpeta\ESPE2504-OOPSW23217-Craft_Market\06Code\NewvercionGUI\CraftMarket.GUI\target\test-classes;C:\Users\chica\OneDrive\Desktop\Nueva carpeta\ESPE2504-OOPSW23217-Craft_Market\06Code\NewvercionGUI\CraftMarket.GUI\target\classes;C:\Users\chica\.m2\repository\org\mongodb\mongodb-driver-sync\4.11.1\mongodb-driver-sync-4.11.1.jar;C:\Users\chica\.m2\repository\org\mongodb\bson\4.11.1\bson-4.11.1.jar;C:\Users\chica\.m2\repository\org\mongodb\mongodb-driver-core\4.11.1\mongodb-driver-core-4.11.1.jar;C:\Users\chica\.m2\repository\org\mongodb\bson-record-codec\4.11.1\bson-record-codec-4.11.1.jar;C:\Users\chica\.m2\repository\org\slf4j\slf4j-simple\2.0.13\slf4j-simple-2.0.13.jar;C:\Users\chica\.m2\repository\org\slf4j\slf4j-api\2.0.13\slf4j-api-2.0.13.jar;C:\Users\chica\.m2\repository\org\mongodb\mongodb-driver\3.11.0-beta4\mongodb-driver-3.11.0-beta4.jar;C:\Users\chica\.m2\repository\com\toedter\jcalendar\1.4\jcalendar-1.4.jar;C:\Users\chica\.m2\repository\com\itextpdf\barcodes\7.2.5\barcodes-7.2.5.jar;C:\Users\chica\.m2\repository\com\itextpdf\font-asian\7.2.5\font-asian-7.2.5.jar;C:\Users\chica\.m2\repository\com\itextpdf\forms\7.2.5\forms-7.2.5.jar;C:\Users\chica\.m2\repository\com\itextpdf\hyph\7.2.5\hyph-7.2.5.jar;C:\Users\chica\.m2\repository\com\itextpdf\io\7.2.5\io-7.2.5.jar;C:\Users\chica\.m2\repository\com\itextpdf\commons\7.2.5\commons-7.2.5.jar;C:\Users\chica\.m2\repository\com\itextpdf\kernel\7.2.5\kernel-7.2.5.jar;C:\Users\chica\.m2\repository\org\bouncycastle\bcpkix-jdk15on\1.70\bcpkix-jdk15on-1.70.jar;C:\Users\chica\.m2\repository\org\bouncycastle\bcutil-jdk15on\1.70\bcutil-jdk15on-1.70.jar;C:\Users\chica\.m2\repository\org\bouncycastle\bcprov-jdk15on\1.70\bcprov-jdk15on-1.70.jar;C:\Users\chica\.m2\repository\com\itextpdf\layout\7.2.5\layout-7.2.5.jar;C:\Users\chica\.m2\repository\com\itextpdf\pdfa\7.2.5\pdfa-7.2.5.jar;C:\Users\chica\.m2\repository\com\itextpdf\sign\7.2.5\sign-7.2.5.jar;C:\Users\chica\.m2\repository\com\itextpdf\styled-xml-parser\7.2.5\styled-xml-parser-7.2.5.jar;C:\Users\chica\.m2\repository\com\itextpdf\svg\7.2.5\svg-7.2.5.jar;C:\Users\chica\.m2\repository\org\junit\jupiter\junit-jupiter-api\5.10.2\junit-jupiter-api-5.10.2.jar;C:\Users\chica\.m2\repository\org\opentest4j\opentest4j\1.3.0\opentest4j-1.3.0.jar;C:\Users\chica\.m2\repository\org\junit\platform\junit-platform-commons\1.10.2\junit-platform-commons-1.10.2.jar;C:\Users\chica\.m2\repository\org\apiguardian\apiguardian-api\1.1.2\apiguardian-api-1.1.2.jar;"/>
    <property name="java.vm.vendor" value="Oracle Corporation"/>
    <property name="sun.arch.data.model" value="64"/>
    <property name="user.variant" value=""/>
    <property name="java.vendor.url" value="https://java.oracle.com/"/>
    <property name="user.timezone" value="America/Bogota"/>
    <property name="os.name" value="Windows 11"/>
    <property name="java.vm.specification.version" value="24"/>
    <property name="user.country" value="EC"/>
    <property name="sun.java.launcher" value="SUN_STANDARD"/>
    <property name="sun.boot.library.path" value="C:\Program Files\Java\jdk-24\bin"/>
    <property name="sun.java.command" value="C:\Users\chica\AppData\Local\Temp\surefire9620372189296807665\surefirebooter-20250806220424138_3.jar C:\Users\chica\AppData\Local\Temp\surefire9620372189296807665 2025-08-06T22-04-23_950-jvmRun1 surefire-20250806220424138_1tmp surefire_0-20250806220424138_2tmp"/>
    <property name="jdk.debug" value="release"/>
    <property name="test" value="ec.espe.edu.controller.ProductManagerTest"/>
    <property name="surefire.test.class.path" value="C:\Users\chica\OneDrive\Desktop\Nueva carpeta\ESPE2504-OOPSW23217-Craft_Market\06Code\NewvercionGUI\CraftMarket.GUI\target\test-classes;C:\Users\chica\OneDrive\Desktop\Nueva carpeta\ESPE2504-OOPSW23217-Craft_Market\06Code\NewvercionGUI\CraftMarket.GUI\target\classes;C:\Users\chica\.m2\repository\org\mongodb\mongodb-driver-sync\4.11.1\mongodb-driver-sync-4.11.1.jar;C:\Users\chica\.m2\repository\org\mongodb\bson\4.11.1\bson-4.11.1.jar;C:\Users\chica\.m2\repository\org\mongodb\mongodb-driver-core\4.11.1\mongodb-driver-core-4.11.1.jar;C:\Users\chica\.m2\repository\org\mongodb\bson-record-codec\4.11.1\bson-record-codec-4.11.1.jar;C:\Users\chica\.m2\repository\org\slf4j\slf4j-simple\2.0.13\slf4j-simple-2.0.13.jar;C:\Users\chica\.m2\repository\org\slf4j\slf4j-api\2.0.13\slf4j-api-2.0.13.jar;C:\Users\chica\.m2\repository\org\mongodb\mongodb-driver\3.11.0-beta4\mongodb-driver-3.11.0-beta4.jar;C:\Users\chica\.m2\repository\com\toedter\jcalendar\1.4\jcalendar-1.4.jar;C:\Users\chica\.m2\repository\com\itextpdf\barcodes\7.2.5\barcodes-7.2.5.jar;C:\Users\chica\.m2\repository\com\itextpdf\font-asian\7.2.5\font-asian-7.2.5.jar;C:\Users\chica\.m2\repository\com\itextpdf\forms\7.2.5\forms-7.2.5.jar;C:\Users\chica\.m2\repository\com\itextpdf\hyph\7.2.5\hyph-7.2.5.jar;C:\Users\chica\.m2\repository\com\itextpdf\io\7.2.5\io-7.2.5.jar;C:\Users\chica\.m2\repository\com\itextpdf\commons\7.2.5\commons-7.2.5.jar;C:\Users\chica\.m2\repository\com\itextpdf\kernel\7.2.5\kernel-7.2.5.jar;C:\Users\chica\.m2\repository\org\bouncycastle\bcpkix-jdk15on\1.70\bcpkix-jdk15on-1.70.jar;C:\Users\chica\.m2\repository\org\bouncycastle\bcutil-jdk15on\1.70\bcutil-jdk15on-1.70.jar;C:\Users\chica\.m2\repository\org\bouncycastle\bcprov-jdk15on\1.70\bcprov-jdk15on-1.70.jar;C:\Users\chica\.m2\repository\com\itextpdf\layout\7.2.5\layout-7.2.5.jar;C:\Users\chica\.m2\repository\com\itextpdf\pdfa\7.2.5\pdfa-7.2.5.jar;C:\Users\chica\.m2\repository\com\itextpdf\sign\7.2.5\sign-7.2.5.jar;C:\Users\chica\.m2\repository\com\itextpdf\styled-xml-parser\7.2.5\styled-xml-parser-7.2.5.jar;C:\Users\chica\.m2\repository\com\itextpdf\svg\7.2.5\svg-7.2.5.jar;C:\Users\chica\.m2\repository\org\junit\jupiter\junit-jupiter-api\5.10.2\junit-jupiter-api-5.10.2.jar;C:\Users\chica\.m2\repository\org\opentest4j\opentest4j\1.3.0\opentest4j-1.3.0.jar;C:\Users\chica\.m2\repository\org\junit\platform\junit-platform-commons\1.10.2\junit-platform-commons-1.10.2.jar;C:\Users\chica\.m2\repository\org\apiguardian\apiguardian-api\1.1.2\apiguardian-api-1.1.2.jar;"/>
    <property name="sun.cpu.endian" value="little"/>
    <property name="user.home" value="C:\Users\chica"/>
    <property name="user.language" value="es"/>
    <property name="java.specification.vendor" value="Oracle Corporation"/>
    <property name="java.version.date" value="2025-04-15"/>
    <property name="java.home" value="C:\Program Files\Java\jdk-24"/>
    <property name="file.separator" value="\"/>
    <property name="basedir" value="C:\Users\chica\OneDrive\Desktop\Nueva carpeta\ESPE2504-OOPSW23217-Craft_Market\06Code\NewvercionGUI\CraftMarket.GUI"/>
    <property name="java.vm.compressedOopsMode" value="Zero based"/>
    <property name="line.separator" value="&#10;"/>
    <property name="java.vm.specification.vendor" value="Oracle Corporation"/>
    <property name="java.specification.name" value="Java Platform API Specification"/>
    <property name="surefire.real.class.path" value="C:\Users\chica\AppData\Local\Temp\surefire9620372189296807665\surefirebooter-20250806220424138_3.jar"/>
    <property name="user.script" value=""/>
    <property name="sun.management.compiler" value="HotSpot 64-Bit Tiered Compilers"/>
    <property name="java.runtime.version" value="24.0.1+9-30"/>
    <property name="user.name" value="chica"/>
    <property name="stdout.encoding" value="Cp1252"/>
    <property name="path.separator" value=";"/>
    <property name="os.version" value="10.0"/>
    <property name="java.runtime.name" value="Java(TM) SE Runtime Environment"/>
    <property name="file.encoding" value="UTF-8"/>
    <property name="java.vm.name" value="Java HotSpot(TM) 64-Bit Server VM"/>
    <property name="maven.ext.class.path" value="C:\Program Files\NetBeans-25\netbeans\java\maven-nblib\netbeans-eventspy.jar"/>
    <property name="localRepository" value="C:\Users\chica\.m2\repository"/>
    <property name="java.vendor.url.bug" value="https://bugreport.java.com/bugreport/"/>
    <property name="java.io.tmpdir" value="C:\Users\chica\AppData\Local\Temp\"/>
    <property name="java.version" value="24.0.1"/>
    <property name="user.dir" value="C:\Users\chica\OneDrive\Desktop\Nueva carpeta\ESPE2504-OOPSW23217-Craft_Market\06Code\NewvercionGUI\CraftMarket.GUI"/>
    <property name="os.arch" value="amd64"/>
    <property name="java.vm.specification.name" value="Java Virtual Machine Specification"/>
    <property name="sun.os.patch.level" value=""/>
    <property name="native.encoding" value="Cp1252"/>
    <property name="java.library.path" value="C:\Program Files\Java\jdk-24\bin;C:\WINDOWS\Sun\Java\bin;C:\WINDOWS\system32;C:\WINDOWS;C:\Program Files\Common Files\Oracle\Java\javapath;C:\WINDOWS\system32;C:\WINDOWS;C:\WINDOWS\System32\Wbem;C:\WINDOWS\System32\WindowsPowerShell\v1.0\;C:\WINDOWS\System32\OpenSSH\;C:\Program Files\HP\HP One Agent;C:\msys64\ucrt64\bin;C:\Program Files\Git\cmd;C:\Program Files\nodejs\;C:\mongodbshell\mongosh-2.5.2-win32-x64\mongosh-2.5.2-win32-x64\bin;;%SystemRoot%\system32;%SystemRoot%;%SystemRoot%\System32\Wbem;%SYSTEMROOT%\System32\WindowsPowerShell\v1.0\;%SYSTEMROOT%\System32\OpenSSH\;C:\Users\chica\AppData\Local\Programs\Python\Python311\Scripts\;C:\Users\chica\AppData\Local\Programs\Python\Python311\;C:\Users\chica\AppData\Local\Microsoft\WindowsApps;C:\Users\chica\AppData\Local\Programs\Microsoft VS Code\bin;C:\Users\chica\AppData\Local\Microsoft\WinGet\Packages\Schniz.fnm_Microsoft.Winget.Source_8wekyb3d8bbwe;C:\Users\chica\AppData\Roaming\npm;;."/>
    <property name="java.vm.info" value="mixed mode, sharing"/>
    <property name="stderr.encoding" value="Cp1252"/>
    <property name="java.vendor" value="Oracle Corporation"/>
    <property name="java.vm.version" value="24.0.1+9-30"/>
    <property name="sun.io.unicode.encoding" value="UnicodeLittle"/>
    <property name="java.class.version" value="68.0"/>
  </properties>
  <testcase name="testUpdateProductPriceValid" classname="ec.espe.edu.controller.ProductManagerTest" time="2.909">
    <system-out><![CDATA[testUpdateProductPriceValid
[MongoConnection] Connected to MongoDB Atlas successfully.
]]></system-out>
    <system-err><![CDATA[[cluster-ClusterId{value='689417b9acf961415c8e1ff0', description='null'}-srv-cluster0.dqlf2xq.mongodb.net] INFO org.mongodb.driver.cluster - Adding discovered server ac-jsfwmwz-shard-00-01.dqlf2xq.mongodb.net:27017 to client view of cluster
[main] INFO org.mongodb.driver.client - MongoClient with metadata {"driver": {"name": "mongo-java-driver|sync", "version": "4.11.1"}, "os": {"type": "Windows", "name": "Windows 11", "architecture": "amd64", "version": "10.0"}, "platform": "Java/Oracle Corporation/24.0.1+9-30"} created with settings MongoClientSettings{readPreference=primary, writeConcern=WriteConcern{w=majority, wTimeout=null ms, journal=null}, retryWrites=true, retryReads=true, readConcern=ReadConcern{level=null}, credential=MongoCredential{mechanism=null, userName='machicaiza22', source='admin', password=<hidden>, mechanismProperties=<hidden>}, transportSettings=null, streamFactoryFactory=null, commandListeners=[], codecRegistry=ProvidersCodecRegistry{codecProviders=[ValueCodecProvider{}, BsonValueCodecProvider{}, DBRefCodecProvider{}, DBObjectCodecProvider{}, DocumentCodecProvider{}, CollectionCodecProvider{}, IterableCodecProvider{}, MapCodecProvider{}, GeoJsonCodecProvider{}, GridFSFileCodecProvider{}, Jsr310CodecProvider{}, JsonObjectCodecProvider{}, BsonCodecProvider{}, EnumCodecProvider{}, com.mongodb.client.model.mql.ExpressionCodecProvider@642a7222, com.mongodb.Jep395RecordCodecProvider@7d322cad, com.mongodb.KotlinCodecProvider@21be3395]}, loggerSettings=LoggerSettings{maxDocumentLength=1000}, clusterSettings={hosts=[127.0.0.1:27017], srvHost=cluster0.dqlf2xq.mongodb.net, srvServiceName=mongodb, mode=MULTIPLE, requiredClusterType=REPLICA_SET, requiredReplicaSetName='atlas-l7tj3w-shard-0', serverSelector='null', clusterListeners='[]', serverSelectionTimeout='30000 ms', localThreshold='15 ms'}, socketSettings=SocketSettings{connectTimeoutMS=10000, readTimeoutMS=0, receiveBufferSize=0, proxySettings=ProxySettings{host=null, port=null, username=null, password=null}}, heartbeatSocketSettings=SocketSettings{connectTimeoutMS=10000, readTimeoutMS=10000, receiveBufferSize=0, proxySettings=ProxySettings{host=null, port=null, username=null, password=null}}, connectionPoolSettings=ConnectionPoolSettings{maxSize=100, minSize=0, maxWaitTimeMS=120000, maxConnectionLifeTimeMS=0, maxConnectionIdleTimeMS=0, maintenanceInitialDelayMS=0, maintenanceFrequencyMS=60000, connectionPoolListeners=[], maxConnecting=2}, serverSettings=ServerSettings{heartbeatFrequencyMS=10000, minHeartbeatFrequencyMS=500, serverListeners='[]', serverMonitorListeners='[]'}, sslSettings=SslSettings{enabled=true, invalidHostNameAllowed=false, context=null}, applicationName='null', compressorList=[], uuidRepresentation=UNSPECIFIED, serverApi=null, autoEncryptionSettings=null, dnsClient=null, inetAddressResolver=null, contextProvider=null}
[cluster-ClusterId{value='689417b9acf961415c8e1ff0', description='null'}-srv-cluster0.dqlf2xq.mongodb.net] INFO org.mongodb.driver.cluster - Adding discovered server ac-jsfwmwz-shard-00-00.dqlf2xq.mongodb.net:27017 to client view of cluster
[cluster-ClusterId{value='689417b9acf961415c8e1ff0', description='null'}-srv-cluster0.dqlf2xq.mongodb.net] INFO org.mongodb.driver.cluster - Adding discovered server ac-jsfwmwz-shard-00-02.dqlf2xq.mongodb.net:27017 to client view of cluster
[main] INFO org.mongodb.driver.cluster - No server chosen by ReadPreferenceServerSelector{readPreference=primary} from cluster description ClusterDescription{type=REPLICA_SET, connectionMode=MULTIPLE, serverDescriptions=[ServerDescription{address=ac-jsfwmwz-shard-00-00.dqlf2xq.mongodb.net:27017, type=UNKNOWN, state=CONNECTING}, ServerDescription{address=ac-jsfwmwz-shard-00-02.dqlf2xq.mongodb.net:27017, type=UNKNOWN, state=CONNECTING}, ServerDescription{address=ac-jsfwmwz-shard-00-01.dqlf2xq.mongodb.net:27017, type=UNKNOWN, state=CONNECTING}]}. Waiting for 30000 ms before timing out
[cluster-ClusterId{value='689417b9acf961415c8e1ff0', description='null'}-ac-jsfwmwz-shard-00-02.dqlf2xq.mongodb.net:27017] INFO org.mongodb.driver.cluster - Monitor thread successfully connected to server with description ServerDescription{address=ac-jsfwmwz-shard-00-02.dqlf2xq.mongodb.net:27017, type=REPLICA_SET_SECONDARY, state=CONNECTED, ok=true, minWireVersion=0, maxWireVersion=25, maxDocumentSize=16777216, logicalSessionTimeoutMinutes=30, roundTripTimeNanos=648947700, setName='atlas-l7tj3w-shard-0', canonicalAddress=ac-jsfwmwz-shard-00-02.dqlf2xq.mongodb.net:27017, hosts=[ac-jsfwmwz-shard-00-01.dqlf2xq.mongodb.net:27017, ac-jsfwmwz-shard-00-02.dqlf2xq.mongodb.net:27017, ac-jsfwmwz-shard-00-00.dqlf2xq.mongodb.net:27017], passives=[], arbiters=[], primary='ac-jsfwmwz-shard-00-01.dqlf2xq.mongodb.net:27017', tagSet=TagSet{[Tag{name='availabilityZone', value='sae1-az2'}, Tag{name='diskState', value='READY'}, Tag{name='nodeType', value='ELECTABLE'}, Tag{name='provider', value='AWS'}, Tag{name='region', value='SA_EAST_1'}, Tag{name='workloadType', value='OPERATIONAL'}]}, electionId=null, setVersion=36, topologyVersion=TopologyVersion{processId=6890feaab665c11b940dfdb1, counter=3}, lastWriteDate=Wed Aug 06 22:04:25 GMT-05:00 2025, lastUpdateTimeNanos=1869427392100}
[cluster-ClusterId{value='689417b9acf961415c8e1ff0', description='null'}-ac-jsfwmwz-shard-00-00.dqlf2xq.mongodb.net:27017] INFO org.mongodb.driver.cluster - Monitor thread successfully connected to server with description ServerDescription{address=ac-jsfwmwz-shard-00-00.dqlf2xq.mongodb.net:27017, type=REPLICA_SET_SECONDARY, state=CONNECTED, ok=true, minWireVersion=0, maxWireVersion=25, maxDocumentSize=16777216, logicalSessionTimeoutMinutes=30, roundTripTimeNanos=649447600, setName='atlas-l7tj3w-shard-0', canonicalAddress=ac-jsfwmwz-shard-00-00.dqlf2xq.mongodb.net:27017, hosts=[ac-jsfwmwz-shard-00-01.dqlf2xq.mongodb.net:27017, ac-jsfwmwz-shard-00-02.dqlf2xq.mongodb.net:27017, ac-jsfwmwz-shard-00-00.dqlf2xq.mongodb.net:27017], passives=[], arbiters=[], primary='ac-jsfwmwz-shard-00-01.dqlf2xq.mongodb.net:27017', tagSet=TagSet{[Tag{name='availabilityZone', value='sae1-az1'}, Tag{name='diskState', value='READY'}, Tag{name='nodeType', value='ELECTABLE'}, Tag{name='provider', value='AWS'}, Tag{name='region', value='SA_EAST_1'}, Tag{name='workloadType', value='OPERATIONAL'}]}, electionId=null, setVersion=36, topologyVersion=TopologyVersion{processId=6890f8c0e2016b93cafb23ea, counter=4}, lastWriteDate=Wed Aug 06 22:04:25 GMT-05:00 2025, lastUpdateTimeNanos=1869427384800}
[cluster-ClusterId{value='689417b9acf961415c8e1ff0', description='null'}-ac-jsfwmwz-shard-00-01.dqlf2xq.mongodb.net:27017] INFO org.mongodb.driver.cluster - Monitor thread successfully connected to server with description ServerDescription{address=ac-jsfwmwz-shard-00-01.dqlf2xq.mongodb.net:27017, type=REPLICA_SET_PRIMARY, state=CONNECTED, ok=true, minWireVersion=0, maxWireVersion=25, maxDocumentSize=16777216, logicalSessionTimeoutMinutes=30, roundTripTimeNanos=648933300, setName='atlas-l7tj3w-shard-0', canonicalAddress=ac-jsfwmwz-shard-00-01.dqlf2xq.mongodb.net:27017, hosts=[ac-jsfwmwz-shard-00-01.dqlf2xq.mongodb.net:27017, ac-jsfwmwz-shard-00-02.dqlf2xq.mongodb.net:27017, ac-jsfwmwz-shard-00-00.dqlf2xq.mongodb.net:27017], passives=[], arbiters=[], primary='ac-jsfwmwz-shard-00-01.dqlf2xq.mongodb.net:27017', tagSet=TagSet{[Tag{name='availabilityZone', value='sae1-az3'}, Tag{name='diskState', value='READY'}, Tag{name='nodeType', value='ELECTABLE'}, Tag{name='provider', value='AWS'}, Tag{name='region', value='SA_EAST_1'}, Tag{name='workloadType', value='OPERATIONAL'}]}, electionId=7fffffff00000000000000d4, setVersion=36, topologyVersion=TopologyVersion{processId=6890fb963d819bfc0262d739, counter=6}, lastWriteDate=Wed Aug 06 22:04:25 GMT-05:00 2025, lastUpdateTimeNanos=1869427384800}
[cluster-ClusterId{value='689417b9acf961415c8e1ff0', description='null'}-ac-jsfwmwz-shard-00-01.dqlf2xq.mongodb.net:27017] INFO org.mongodb.driver.cluster - Discovered replica set primary ac-jsfwmwz-shard-00-01.dqlf2xq.mongodb.net:27017 with max election id 7fffffff00000000000000d4 and max set version 36
]]></system-err>
  </testcase>
  <testcase name="testUpdateProductNameNonExistent" classname="ec.espe.edu.controller.ProductManagerTest" time="0.191">
    <system-out><![CDATA[testUpdateProductNameNonExistent
]]></system-out>
  </testcase>
  <testcase name="testUpdateProductStockValid" classname="ec.espe.edu.controller.ProductManagerTest" time="0.374">
    <system-out><![CDATA[testUpdateProductStockValid
]]></system-out>
  </testcase>
  <testcase name="testUpdateProductStockNonExistent" classname="ec.espe.edu.controller.ProductManagerTest" time="0.188">
    <system-out><![CDATA[testUpdateProductStockNonExistent
]]></system-out>
  </testcase>
  <testcase name="testUpdateProductNameValid" classname="ec.espe.edu.controller.ProductManagerTest" time="0.373">
    <system-out><![CDATA[testUpdateProductNameValid
]]></system-out>
  </testcase>
  <testcase name="testUpdateProductPriceNonExistent" classname="ec.espe.edu.controller.ProductManagerTest" time="0.187">
    <system-out><![CDATA[testUpdateProductPriceNonExistent
]]></system-out>
  </testcase>
</testsuite>